c:\dev\svn\notes_attic\src\gui\gl3\release\vc140.pdb
c:\dev\svn\notes_attic\src\gui\gl3\release\gl3w.obj
c:\dev\svn\notes_attic\src\gui\gl3\release\main.obj
c:\dev\svn\notes_attic\src\gui\gl3\release\imgui_impl_glfw_gl3.obj
c:\dev\svn\notes_attic\src\gui\gl3\release\imgui_freetype.obj
c:\dev\svn\notes_attic\src\gui\gl3\release\imgui_draw.obj
c:\dev\svn\notes_attic\src\gui\gl3\release\imgui_demo.obj
c:\dev\svn\notes_attic\src\gui\gl3\release\imgui.obj
c:\dev\svn\notes_attic\src\gui\gl3\release\notes_attic.exe
c:\dev\svn\notes_attic\src\gui\gl3\release\notes_attic.ipdb
c:\dev\svn\notes_attic\src\gui\gl3\release\notes_attic.iobj
c:\dev\svn\notes_attic\src\gui\gl3\release\notes_attic.pdb
c:\dev\svn\notes_attic\src\gui\gl3\release\notes_attic.res
c:\dev\svn\notes_attic\src\gui\gl3\release\notes_attic.tlog\cl.command.1.tlog
c:\dev\svn\notes_attic\src\gui\gl3\release\notes_attic.tlog\cl.read.1.tlog
c:\dev\svn\notes_attic\src\gui\gl3\release\notes_attic.tlog\cl.write.1.tlog
c:\dev\svn\notes_attic\src\gui\gl3\release\notes_attic.tlog\link.command.1.tlog
c:\dev\svn\notes_attic\src\gui\gl3\release\notes_attic.tlog\link.read.1.tlog
c:\dev\svn\notes_attic\src\gui\gl3\release\notes_attic.tlog\link.write.1.tlog
c:\dev\svn\notes_attic\src\gui\gl3\release\notes_attic.tlog\rc.command.1.tlog
c:\dev\svn\notes_attic\src\gui\gl3\release\notes_attic.tlog\rc.read.1.tlog
c:\dev\svn\notes_attic\src\gui\gl3\release\notes_attic.tlog\rc.write.1.tlog
