  gl3w.c
  imgui.cpp
  imgui_demo.cpp
  imgui_draw.cpp
  imgui_freetype.cpp
  imgui_impl_glfw_gl3.cpp
  main.cpp
C:\dev\git\notes_attic_tray\include\stb\stb_image.h(956): warning C4100: 'bpc': unreferenced formal parameter
main.cpp(89): warning C4129: 'P': unrecognized character escape sequence
main.cpp(89): warning C4129: 'A': unrecognized character escape sequence
main.cpp(89): warning C4129: 'R': unrecognized character escape sequence
main.cpp(248): warning C4244: 'argument': conversion from 'int' to 'float', possible loss of data
main.cpp(379): warning C4244: 'argument': conversion from 'int' to 'float', possible loss of data
main.cpp(395): warning C4244: 'argument': conversion from 'int' to 'float', possible loss of data
main.cpp(506): warning C4244: 'argument': conversion from 'int' to 'float', possible loss of data
main.cpp(1325): warning C4129: '%': unrecognized character escape sequence
C:\dev\git\notes_attic_tray\include\dirent.h(458): warning C4505: '_wreaddir': unreferenced local function has been removed
C:\dev\git\notes_attic_tray\include\dirent.h(864): warning C4505: 'rewinddir': unreferenced local function has been removed
C:\dev\git\notes_attic_tray\include\dirent.h(875): warning C4505: 'scandir': unreferenced local function has been removed
C:\dev\git\notes_attic_tray\include\dirent.h(1021): warning C4505: 'versionsort': unreferenced local function has been removed
C:\dev\git\notes_attic_tray\include\stb\stb_image.h(643): warning C4505: 'stbi__sse2_available': unreferenced local function has been removed
  Generating code
  All 1042 functions were compiled because no usable IPDB/IOBJ from previous compilation was found.
  Finished generating code
glfw3.lib(context.c.obj) : warning LNK4049: locally defined symbol _sscanf imported
glfw3.lib(init.c.obj) : warning LNK4049: locally defined symbol _vsnprintf imported
MSVCRT.lib(vsnprintf.obj) : warning LNK4049: locally defined symbol _vsnprintf imported
MSVCRT.lib(vsnprintf.obj) : warning LNK4049: locally defined symbol __vsnprintf imported
  notes_attic.vcxproj -> C:\dev\git\notes_attic_tray\src\gui\gl3\Release\notes_attic.exe
  notes_attic.vcxproj -> C:\dev\git\notes_attic_tray\src\gui\gl3\Release\notes_attic.pdb (Full PDB)
