c:\dev\git\notes_attic_tray\src\gui\dx11\release\vc140.pdb
c:\dev\git\notes_attic_tray\src\gui\dx11\release\imgui_impl_dx11.obj
c:\dev\git\notes_attic_tray\src\gui\dx11\release\imgui_freetype.obj
c:\dev\git\notes_attic_tray\src\gui\dx11\release\imgui_draw.obj
c:\dev\git\notes_attic_tray\src\gui\dx11\release\imgui_demo.obj
c:\dev\git\notes_attic_tray\src\gui\dx11\release\imgui.obj
c:\dev\git\notes_attic_tray\src\gui\dx11\release\main.obj
c:\dev\git\notes_attic_tray\src\gui\dx11\release\notes_attic.exe
c:\dev\git\notes_attic_tray\src\gui\dx11\release\notes_attic.ipdb
c:\dev\git\notes_attic_tray\src\gui\dx11\release\notes_attic.iobj
c:\dev\git\notes_attic_tray\src\gui\dx11\release\notes_attic.pdb
c:\dev\git\notes_attic_tray\src\gui\dx11\release\notes_attic.res
c:\dev\git\notes_attic_tray\src\gui\dx11\release\notes_attic.tlog\cl.command.1.tlog
c:\dev\git\notes_attic_tray\src\gui\dx11\release\notes_attic.tlog\cl.read.1.tlog
c:\dev\git\notes_attic_tray\src\gui\dx11\release\notes_attic.tlog\cl.write.1.tlog
c:\dev\git\notes_attic_tray\src\gui\dx11\release\notes_attic.tlog\link.command.1.tlog
c:\dev\git\notes_attic_tray\src\gui\dx11\release\notes_attic.tlog\link.read.1.tlog
c:\dev\git\notes_attic_tray\src\gui\dx11\release\notes_attic.tlog\link.write.1.tlog
c:\dev\git\notes_attic_tray\src\gui\dx11\release\notes_attic.tlog\rc.command.1.tlog
c:\dev\git\notes_attic_tray\src\gui\dx11\release\notes_attic.tlog\rc.read.1.tlog
c:\dev\git\notes_attic_tray\src\gui\dx11\release\notes_attic.tlog\rc.write.1.tlog
