  main.cpp
c:\dev\git\notes_attic_tray\src\gui\dx11\main.cpp(198): warning C4459: declaration of 'msg' hides global declaration
  c:\dev\git\notes_attic_tray\src\gui\dx11\main.cpp(122): note: see declaration of 'msg'
c:\dev\git\notes_attic_tray\src\gui\dx11\main.cpp(390): warning C4267: 'initializing': conversion from 'size_t' to 'int', possible loss of data
c:\dev\git\notes_attic_tray\src\gui\dx11\main.cpp(443): warning C4800: 'BOOL': forcing value to bool 'true' or 'false' (performance warning)
c:\dev\git\notes_attic_tray\src\gui\dx11\main.cpp(621): warning C4267: 'initializing': conversion from 'size_t' to 'int', possible loss of data
c:\dev\git\notes_attic_tray\src\gui\dx11\main.cpp(687): warning C4244: 'argument': conversion from 'int' to 'float', possible loss of data
c:\dev\git\notes_attic_tray\src\gui\dx11\main.cpp(719): warning C4244: 'argument': conversion from 'int' to 'float', possible loss of data
c:\dev\git\notes_attic_tray\src\gui\dx11\main.cpp(383): warning C4996: 'strncat': This function or variable may be unsafe. Consider using strncat_s instead. To disable deprecation, use _CRT_SECURE_NO_WARNINGS. See online help for details.
  c:\program files (x86)\windows kits\10\include\10.0.10240.0\ucrt\string.h(255): note: see declaration of 'strncat'
c:\dev\git\notes_attic_tray\src\gui\dx11\main.cpp(385): warning C4996: 'strncpy': This function or variable may be unsafe. Consider using strncpy_s instead. To disable deprecation, use _CRT_SECURE_NO_WARNINGS. See online help for details.
  c:\program files (x86)\windows kits\10\include\10.0.10240.0\ucrt\string.h(346): note: see declaration of 'strncpy'
c:\dev\git\notes_attic_tray\src\gui\dx11\main.cpp(393): warning C4996: 'strncpy': This function or variable may be unsafe. Consider using strncpy_s instead. To disable deprecation, use _CRT_SECURE_NO_WARNINGS. See online help for details.
  c:\program files (x86)\windows kits\10\include\10.0.10240.0\ucrt\string.h(346): note: see declaration of 'strncpy'
c:\dev\git\notes_attic_tray\src\gui\dx11\main.cpp(394): warning C4996: 'strcat': This function or variable may be unsafe. Consider using strcat_s instead. To disable deprecation, use _CRT_SECURE_NO_WARNINGS. See online help for details.
  c:\program files (x86)\windows kits\10\include\10.0.10240.0\ucrt\string.h(90): note: see declaration of 'strcat'
c:\dev\git\notes_attic_tray\src\gui\dx11\main.cpp(396): warning C4996: 'strncpy': This function or variable may be unsafe. Consider using strncpy_s instead. To disable deprecation, use _CRT_SECURE_NO_WARNINGS. See online help for details.
  c:\program files (x86)\windows kits\10\include\10.0.10240.0\ucrt\string.h(346): note: see declaration of 'strncpy'
c:\dev\git\notes_attic_tray\src\gui\dx11\main.cpp(397): warning C4996: 'strcat': This function or variable may be unsafe. Consider using strcat_s instead. To disable deprecation, use _CRT_SECURE_NO_WARNINGS. See online help for details.
  c:\program files (x86)\windows kits\10\include\10.0.10240.0\ucrt\string.h(90): note: see declaration of 'strcat'
c:\dev\git\notes_attic_tray\src\gui\dx11\main.cpp(399): warning C4996: 'strncpy': This function or variable may be unsafe. Consider using strncpy_s instead. To disable deprecation, use _CRT_SECURE_NO_WARNINGS. See online help for details.
  c:\program files (x86)\windows kits\10\include\10.0.10240.0\ucrt\string.h(346): note: see declaration of 'strncpy'
c:\dev\git\notes_attic_tray\src\gui\dx11\main.cpp(400): warning C4996: 'strcat': This function or variable may be unsafe. Consider using strcat_s instead. To disable deprecation, use _CRT_SECURE_NO_WARNINGS. See online help for details.
  c:\program files (x86)\windows kits\10\include\10.0.10240.0\ucrt\string.h(90): note: see declaration of 'strcat'
c:\dev\git\notes_attic_tray\src\gui\dx11\main.cpp(402): warning C4996: 'strncpy': This function or variable may be unsafe. Consider using strncpy_s instead. To disable deprecation, use _CRT_SECURE_NO_WARNINGS. See online help for details.
  c:\program files (x86)\windows kits\10\include\10.0.10240.0\ucrt\string.h(346): note: see declaration of 'strncpy'
c:\dev\git\notes_attic_tray\src\gui\dx11\main.cpp(403): warning C4996: 'strcat': This function or variable may be unsafe. Consider using strcat_s instead. To disable deprecation, use _CRT_SECURE_NO_WARNINGS. See online help for details.
  c:\program files (x86)\windows kits\10\include\10.0.10240.0\ucrt\string.h(90): note: see declaration of 'strcat'
c:\dev\git\notes_attic_tray\src\gui\dx11\main.cpp(405): warning C4996: 'strncpy': This function or variable may be unsafe. Consider using strncpy_s instead. To disable deprecation, use _CRT_SECURE_NO_WARNINGS. See online help for details.
  c:\program files (x86)\windows kits\10\include\10.0.10240.0\ucrt\string.h(346): note: see declaration of 'strncpy'
c:\dev\git\notes_attic_tray\src\gui\dx11\main.cpp(406): warning C4996: 'strcat': This function or variable may be unsafe. Consider using strcat_s instead. To disable deprecation, use _CRT_SECURE_NO_WARNINGS. See online help for details.
  c:\program files (x86)\windows kits\10\include\10.0.10240.0\ucrt\string.h(90): note: see declaration of 'strcat'
c:\dev\git\notes_attic_tray\src\gui\dx11\main.cpp(463): warning C4996: 'strcpy': This function or variable may be unsafe. Consider using strcpy_s instead. To disable deprecation, use _CRT_SECURE_NO_WARNINGS. See online help for details.
  c:\program files (x86)\windows kits\10\include\10.0.10240.0\ucrt\string.h(119): note: see declaration of 'strcpy'
c:\dev\git\notes_attic_tray\src\gui\dx11\main.cpp(475): warning C4996: 'strncpy': This function or variable may be unsafe. Consider using strncpy_s instead. To disable deprecation, use _CRT_SECURE_NO_WARNINGS. See online help for details.
  c:\program files (x86)\windows kits\10\include\10.0.10240.0\ucrt\string.h(346): note: see declaration of 'strncpy'
c:\dev\git\notes_attic_tray\src\gui\dx11\main.cpp(478): warning C4996: 'strncpy': This function or variable may be unsafe. Consider using strncpy_s instead. To disable deprecation, use _CRT_SECURE_NO_WARNINGS. See online help for details.
  c:\program files (x86)\windows kits\10\include\10.0.10240.0\ucrt\string.h(346): note: see declaration of 'strncpy'
c:\dev\git\notes_attic_tray\src\gui\dx11\main.cpp(481): warning C4996: 'strncpy': This function or variable may be unsafe. Consider using strncpy_s instead. To disable deprecation, use _CRT_SECURE_NO_WARNINGS. See online help for details.
  c:\program files (x86)\windows kits\10\include\10.0.10240.0\ucrt\string.h(346): note: see declaration of 'strncpy'
c:\dev\git\notes_attic_tray\src\gui\dx11\main.cpp(484): warning C4996: 'strncpy': This function or variable may be unsafe. Consider using strncpy_s instead. To disable deprecation, use _CRT_SECURE_NO_WARNINGS. See online help for details.
  c:\program files (x86)\windows kits\10\include\10.0.10240.0\ucrt\string.h(346): note: see declaration of 'strncpy'
c:\dev\git\notes_attic_tray\src\gui\dx11\main.cpp(505): warning C4996: 'strncpy': This function or variable may be unsafe. Consider using strncpy_s instead. To disable deprecation, use _CRT_SECURE_NO_WARNINGS. See online help for details.
  c:\program files (x86)\windows kits\10\include\10.0.10240.0\ucrt\string.h(346): note: see declaration of 'strncpy'
c:\dev\git\notes_attic_tray\src\gui\dx11\main.cpp(506): warning C4996: 'strncpy': This function or variable may be unsafe. Consider using strncpy_s instead. To disable deprecation, use _CRT_SECURE_NO_WARNINGS. See online help for details.
  c:\program files (x86)\windows kits\10\include\10.0.10240.0\ucrt\string.h(346): note: see declaration of 'strncpy'
c:\dev\git\notes_attic_tray\src\gui\dx11\main.cpp(507): warning C4996: 'strncpy': This function or variable may be unsafe. Consider using strncpy_s instead. To disable deprecation, use _CRT_SECURE_NO_WARNINGS. See online help for details.
  c:\program files (x86)\windows kits\10\include\10.0.10240.0\ucrt\string.h(346): note: see declaration of 'strncpy'
c:\dev\git\notes_attic_tray\src\gui\dx11\main.cpp(508): warning C4996: 'strncpy': This function or variable may be unsafe. Consider using strncpy_s instead. To disable deprecation, use _CRT_SECURE_NO_WARNINGS. See online help for details.
  c:\program files (x86)\windows kits\10\include\10.0.10240.0\ucrt\string.h(346): note: see declaration of 'strncpy'
c:\dev\git\notes_attic_tray\src\gui\dx11\main.cpp(509): warning C4996: 'strncpy': This function or variable may be unsafe. Consider using strncpy_s instead. To disable deprecation, use _CRT_SECURE_NO_WARNINGS. See online help for details.
  c:\program files (x86)\windows kits\10\include\10.0.10240.0\ucrt\string.h(346): note: see declaration of 'strncpy'
c:\dev\git\notes_attic_tray\src\gui\dx11\main.cpp(510): warning C4996: 'strncpy': This function or variable may be unsafe. Consider using strncpy_s instead. To disable deprecation, use _CRT_SECURE_NO_WARNINGS. See online help for details.
  c:\program files (x86)\windows kits\10\include\10.0.10240.0\ucrt\string.h(346): note: see declaration of 'strncpy'
c:\dev\git\notes_attic_tray\src\gui\dx11\main.cpp(511): warning C4996: 'strncpy': This function or variable may be unsafe. Consider using strncpy_s instead. To disable deprecation, use _CRT_SECURE_NO_WARNINGS. See online help for details.
  c:\program files (x86)\windows kits\10\include\10.0.10240.0\ucrt\string.h(346): note: see declaration of 'strncpy'
c:\dev\git\notes_attic_tray\src\gui\dx11\main.cpp(512): warning C4996: 'strncpy': This function or variable may be unsafe. Consider using strncpy_s instead. To disable deprecation, use _CRT_SECURE_NO_WARNINGS. See online help for details.
  c:\program files (x86)\windows kits\10\include\10.0.10240.0\ucrt\string.h(346): note: see declaration of 'strncpy'
c:\dev\git\notes_attic_tray\src\gui\dx11\main.cpp(513): warning C4996: 'strncpy': This function or variable may be unsafe. Consider using strncpy_s instead. To disable deprecation, use _CRT_SECURE_NO_WARNINGS. See online help for details.
  c:\program files (x86)\windows kits\10\include\10.0.10240.0\ucrt\string.h(346): note: see declaration of 'strncpy'
c:\dev\git\notes_attic_tray\src\gui\dx11\main.cpp(542): warning C4996: 'strcpy': This function or variable may be unsafe. Consider using strcpy_s instead. To disable deprecation, use _CRT_SECURE_NO_WARNINGS. See online help for details.
  c:\program files (x86)\windows kits\10\include\10.0.10240.0\ucrt\string.h(119): note: see declaration of 'strcpy'
c:\dev\git\notes_attic_tray\src\gui\dx11\main.cpp(624): warning C4996: 'sprintf': This function or variable may be unsafe. Consider using sprintf_s instead. To disable deprecation, use _CRT_SECURE_NO_WARNINGS. See online help for details.
  c:\program files (x86)\windows kits\10\include\10.0.10240.0\ucrt\stdio.h(1769): note: see declaration of 'sprintf'
c:\dev\git\notes_attic_tray\src\gui\dx11\main.cpp(635): warning C4996: 'sprintf': This function or variable may be unsafe. Consider using sprintf_s instead. To disable deprecation, use _CRT_SECURE_NO_WARNINGS. See online help for details.
  c:\program files (x86)\windows kits\10\include\10.0.10240.0\ucrt\stdio.h(1769): note: see declaration of 'sprintf'
c:\dev\git\notes_attic_tray\src\gui\dx11\main.cpp(642): warning C4996: 'sprintf': This function or variable may be unsafe. Consider using sprintf_s instead. To disable deprecation, use _CRT_SECURE_NO_WARNINGS. See online help for details.
  c:\program files (x86)\windows kits\10\include\10.0.10240.0\ucrt\stdio.h(1769): note: see declaration of 'sprintf'
c:\dev\git\notes_attic_tray\src\gui\dx11\main.cpp(651): warning C4996: 'sprintf': This function or variable may be unsafe. Consider using sprintf_s instead. To disable deprecation, use _CRT_SECURE_NO_WARNINGS. See online help for details.
  c:\program files (x86)\windows kits\10\include\10.0.10240.0\ucrt\stdio.h(1769): note: see declaration of 'sprintf'
c:\dev\git\notes_attic_tray\src\gui\dx11\main.cpp(658): warning C4477: 'sprintf' : format string '%i' requires an argument of type 'int', but variadic argument 1 has type 'std::size_t'
  c:\dev\git\notes_attic_tray\src\gui\dx11\main.cpp(658): note: consider using '%zi' in the format string
c:\dev\git\notes_attic_tray\src\gui\dx11\main.cpp(658): warning C4996: 'sprintf': This function or variable may be unsafe. Consider using sprintf_s instead. To disable deprecation, use _CRT_SECURE_NO_WARNINGS. See online help for details.
  c:\program files (x86)\windows kits\10\include\10.0.10240.0\ucrt\stdio.h(1769): note: see declaration of 'sprintf'
c:\dev\git\notes_attic_tray\src\gui\dx11\main.cpp(369): warning C4100: 'nshowcmd': unreferenced formal parameter
c:\dev\git\notes_attic_tray\src\gui\dx11\main.cpp(369): warning C4100: 'lpcmdline': unreferenced formal parameter
c:\dev\git\notes_attic_tray\src\gui\dx11\main.cpp(369): warning C4100: 'hprevinstance': unreferenced formal parameter
c:\dev\git\notes_attic_tray\src\gui\dx11\main.cpp(369): warning C4100: 'hinstance': unreferenced formal parameter
c:\dev\git\notes_attic_tray\src\gui\dx11\main.cpp(411): warning C4189: 'hCreateGuid': local variable is initialized but not referenced
c:\dev\git\notes_attic_tray\src\gui\dx11\main.cpp(757): warning C4244: 'initializing': conversion from 'float' to 'int', possible loss of data
c:\dev\git\notes_attic_tray\src\gui\dx11\main.cpp(758): warning C4244: 'initializing': conversion from 'float' to 'int', possible loss of data
c:\dev\git\notes_attic_tray\src\gui\dx11\main.cpp(759): warning C4244: 'initializing': conversion from 'float' to 'int', possible loss of data
c:\dev\git\notes_attic_tray\src\gui\dx11\main.cpp(760): warning C4244: 'initializing': conversion from 'float' to 'int', possible loss of data
c:\dev\git\notes_attic_tray\src\gui\dx11\main.cpp(774): warning C4244: 'initializing': conversion from 'int' to 'char', possible loss of data
c:\dev\git\notes_attic_tray\src\gui\dx11\main.cpp(777): warning C4244: 'initializing': conversion from 'int' to 'char', possible loss of data
c:\dev\git\notes_attic_tray\src\gui\dx11\main.cpp(763): warning C4189: 'index': local variable is initialized but not referenced
c:\dev\git\notes_attic_tray\src\gui\dx11\main.cpp(792): warning C4244: 'argument': conversion from 'int' to 'float', possible loss of data
c:\dev\git\notes_attic_tray\src\gui\dx11\main.cpp(793): warning C4244: 'argument': conversion from 'int' to 'float', possible loss of data
c:\dev\git\notes_attic_tray\src\gui\dx11\main.cpp(855): warning C4244: 'argument': conversion from 'int' to 'float', possible loss of data
c:\dev\git\notes_attic_tray\src\gui\dx11\main.cpp(796): warning C4996: 'sprintf': This function or variable may be unsafe. Consider using sprintf_s instead. To disable deprecation, use _CRT_SECURE_NO_WARNINGS. See online help for details.
  c:\program files (x86)\windows kits\10\include\10.0.10240.0\ucrt\stdio.h(1769): note: see declaration of 'sprintf'
c:\dev\git\notes_attic_tray\src\gui\dx11\main.cpp(943): warning C4996: 'sprintf': This function or variable may be unsafe. Consider using sprintf_s instead. To disable deprecation, use _CRT_SECURE_NO_WARNINGS. See online help for details.
  c:\program files (x86)\windows kits\10\include\10.0.10240.0\ucrt\stdio.h(1769): note: see declaration of 'sprintf'
c:\dev\git\notes_attic_tray\src\gui\dx11\main.cpp(957): warning C4996: 'sprintf': This function or variable may be unsafe. Consider using sprintf_s instead. To disable deprecation, use _CRT_SECURE_NO_WARNINGS. See online help for details.
  c:\program files (x86)\windows kits\10\include\10.0.10240.0\ucrt\stdio.h(1769): note: see declaration of 'sprintf'
c:\dev\git\notes_attic_tray\src\gui\dx11\main.cpp(966): warning C4996: 'strncpy': This function or variable may be unsafe. Consider using strncpy_s instead. To disable deprecation, use _CRT_SECURE_NO_WARNINGS. See online help for details.
  c:\program files (x86)\windows kits\10\include\10.0.10240.0\ucrt\string.h(346): note: see declaration of 'strncpy'
c:\dev\git\notes_attic_tray\src\gui\dx11\main.cpp(967): warning C4996: 'strcat': This function or variable may be unsafe. Consider using strcat_s instead. To disable deprecation, use _CRT_SECURE_NO_WARNINGS. See online help for details.
  c:\program files (x86)\windows kits\10\include\10.0.10240.0\ucrt\string.h(90): note: see declaration of 'strcat'
c:\dev\git\notes_attic_tray\src\gui\dx11\main.cpp(1024): warning C4244: 'argument': conversion from 'int' to 'float', possible loss of data
c:\dev\git\notes_attic_tray\src\gui\dx11\main.cpp(1025): warning C4244: 'argument': conversion from 'int' to 'float', possible loss of data
c:\dev\git\notes_attic_tray\src\gui\dx11\main.cpp(1028): warning C4244: 'argument': conversion from 'int' to 'float', possible loss of data
c:\dev\git\notes_attic_tray\src\gui\dx11\main.cpp(1074): warning C4244: 'initializing': conversion from 'int' to 'float', possible loss of data
c:\dev\git\notes_attic_tray\src\gui\dx11\main.cpp(1076): warning C4244: 'argument': conversion from 'int' to 'float', possible loss of data
c:\dev\git\notes_attic_tray\src\gui\dx11\main.cpp(1077): warning C4244: 'argument': conversion from 'int' to 'float', possible loss of data
c:\dev\git\notes_attic_tray\src\gui\dx11\main.cpp(1093): warning C4244: 'initializing': conversion from 'int' to 'float', possible loss of data
c:\dev\git\notes_attic_tray\src\gui\dx11\main.cpp(1095): warning C4244: 'argument': conversion from 'int' to 'float', possible loss of data
c:\dev\git\notes_attic_tray\src\gui\dx11\main.cpp(1104): warning C4996: 'sprintf': This function or variable may be unsafe. Consider using sprintf_s instead. To disable deprecation, use _CRT_SECURE_NO_WARNINGS. See online help for details.
  c:\program files (x86)\windows kits\10\include\10.0.10240.0\ucrt\stdio.h(1769): note: see declaration of 'sprintf'
c:\dev\git\notes_attic_tray\src\gui\dx11\main.cpp(1116): warning C4996: 'strncpy': This function or variable may be unsafe. Consider using strncpy_s instead. To disable deprecation, use _CRT_SECURE_NO_WARNINGS. See online help for details.
  c:\program files (x86)\windows kits\10\include\10.0.10240.0\ucrt\string.h(346): note: see declaration of 'strncpy'
c:\dev\git\notes_attic_tray\src\gui\dx11\main.cpp(1117): warning C4996: 'strcat': This function or variable may be unsafe. Consider using strcat_s instead. To disable deprecation, use _CRT_SECURE_NO_WARNINGS. See online help for details.
  c:\program files (x86)\windows kits\10\include\10.0.10240.0\ucrt\string.h(90): note: see declaration of 'strcat'
c:\dev\git\notes_attic_tray\src\gui\dx11\main.cpp(1120): warning C4996: 'strncpy': This function or variable may be unsafe. Consider using strncpy_s instead. To disable deprecation, use _CRT_SECURE_NO_WARNINGS. See online help for details.
  c:\program files (x86)\windows kits\10\include\10.0.10240.0\ucrt\string.h(346): note: see declaration of 'strncpy'
c:\dev\git\notes_attic_tray\src\gui\dx11\main.cpp(1126): warning C4996: 'strncpy': This function or variable may be unsafe. Consider using strncpy_s instead. To disable deprecation, use _CRT_SECURE_NO_WARNINGS. See online help for details.
  c:\program files (x86)\windows kits\10\include\10.0.10240.0\ucrt\string.h(346): note: see declaration of 'strncpy'
c:\dev\git\notes_attic_tray\src\gui\dx11\main.cpp(1127): warning C4996: 'strcat': This function or variable may be unsafe. Consider using strcat_s instead. To disable deprecation, use _CRT_SECURE_NO_WARNINGS. See online help for details.
  c:\program files (x86)\windows kits\10\include\10.0.10240.0\ucrt\string.h(90): note: see declaration of 'strcat'
c:\dev\git\notes_attic_tray\src\gui\dx11\main.cpp(1139): warning C4996: 'strncpy': This function or variable may be unsafe. Consider using strncpy_s instead. To disable deprecation, use _CRT_SECURE_NO_WARNINGS. See online help for details.
  c:\program files (x86)\windows kits\10\include\10.0.10240.0\ucrt\string.h(346): note: see declaration of 'strncpy'
c:\dev\git\notes_attic_tray\src\gui\dx11\main.cpp(1140): warning C4996: 'strcat': This function or variable may be unsafe. Consider using strcat_s instead. To disable deprecation, use _CRT_SECURE_NO_WARNINGS. See online help for details.
  c:\program files (x86)\windows kits\10\include\10.0.10240.0\ucrt\string.h(90): note: see declaration of 'strcat'
c:\dev\git\notes_attic_tray\src\gui\dx11\main.cpp(1152): warning C4996: 'strncpy': This function or variable may be unsafe. Consider using strncpy_s instead. To disable deprecation, use _CRT_SECURE_NO_WARNINGS. See online help for details.
  c:\program files (x86)\windows kits\10\include\10.0.10240.0\ucrt\string.h(346): note: see declaration of 'strncpy'
c:\dev\git\notes_attic_tray\src\gui\dx11\main.cpp(1153): warning C4996: 'strcat': This function or variable may be unsafe. Consider using strcat_s instead. To disable deprecation, use _CRT_SECURE_NO_WARNINGS. See online help for details.
  c:\program files (x86)\windows kits\10\include\10.0.10240.0\ucrt\string.h(90): note: see declaration of 'strcat'
c:\dev\git\notes_attic_tray\src\gui\dx11\main.cpp(1165): warning C4996: 'strncpy': This function or variable may be unsafe. Consider using strncpy_s instead. To disable deprecation, use _CRT_SECURE_NO_WARNINGS. See online help for details.
  c:\program files (x86)\windows kits\10\include\10.0.10240.0\ucrt\string.h(346): note: see declaration of 'strncpy'
c:\dev\git\notes_attic_tray\src\gui\dx11\main.cpp(1166): warning C4996: 'strcat': This function or variable may be unsafe. Consider using strcat_s instead. To disable deprecation, use _CRT_SECURE_NO_WARNINGS. See online help for details.
  c:\program files (x86)\windows kits\10\include\10.0.10240.0\ucrt\string.h(90): note: see declaration of 'strcat'
c:\dev\git\notes_attic_tray\src\gui\dx11\main.cpp(1178): warning C4996: 'strncpy': This function or variable may be unsafe. Consider using strncpy_s instead. To disable deprecation, use _CRT_SECURE_NO_WARNINGS. See online help for details.
  c:\program files (x86)\windows kits\10\include\10.0.10240.0\ucrt\string.h(346): note: see declaration of 'strncpy'
c:\dev\git\notes_attic_tray\src\gui\dx11\main.cpp(1179): warning C4996: 'strcat': This function or variable may be unsafe. Consider using strcat_s instead. To disable deprecation, use _CRT_SECURE_NO_WARNINGS. See online help for details.
  c:\program files (x86)\windows kits\10\include\10.0.10240.0\ucrt\string.h(90): note: see declaration of 'strcat'
c:\dev\git\notes_attic_tray\src\gui\dx11\main.cpp(1191): warning C4996: 'strcat': This function or variable may be unsafe. Consider using strcat_s instead. To disable deprecation, use _CRT_SECURE_NO_WARNINGS. See online help for details.
  c:\program files (x86)\windows kits\10\include\10.0.10240.0\ucrt\string.h(90): note: see declaration of 'strcat'
c:\dev\git\notes_attic_tray\src\gui\dx11\main.cpp(1192): warning C4996: 'strcat': This function or variable may be unsafe. Consider using strcat_s instead. To disable deprecation, use _CRT_SECURE_NO_WARNINGS. See online help for details.
  c:\program files (x86)\windows kits\10\include\10.0.10240.0\ucrt\string.h(90): note: see declaration of 'strcat'
c:\dev\git\notes_attic_tray\src\gui\dx11\main.cpp(1193): warning C4996: 'strcat': This function or variable may be unsafe. Consider using strcat_s instead. To disable deprecation, use _CRT_SECURE_NO_WARNINGS. See online help for details.
  c:\program files (x86)\windows kits\10\include\10.0.10240.0\ucrt\string.h(90): note: see declaration of 'strcat'
c:\dev\git\notes_attic_tray\src\gui\dx11\main.cpp(1205): warning C4996: 'strncpy': This function or variable may be unsafe. Consider using strncpy_s instead. To disable deprecation, use _CRT_SECURE_NO_WARNINGS. See online help for details.
  c:\program files (x86)\windows kits\10\include\10.0.10240.0\ucrt\string.h(346): note: see declaration of 'strncpy'
c:\dev\git\notes_attic_tray\src\gui\dx11\main.cpp(1206): warning C4996: 'strcat': This function or variable may be unsafe. Consider using strcat_s instead. To disable deprecation, use _CRT_SECURE_NO_WARNINGS. See online help for details.
  c:\program files (x86)\windows kits\10\include\10.0.10240.0\ucrt\string.h(90): note: see declaration of 'strcat'
c:\dev\git\notes_attic_tray\src\gui\dx11\main.cpp(1216): warning C4996: 'sprintf': This function or variable may be unsafe. Consider using sprintf_s instead. To disable deprecation, use _CRT_SECURE_NO_WARNINGS. See online help for details.
  c:\program files (x86)\windows kits\10\include\10.0.10240.0\ucrt\stdio.h(1769): note: see declaration of 'sprintf'
c:\dev\git\notes_attic_tray\src\gui\dx11\main.cpp(1226): warning C4996: 'strncpy': This function or variable may be unsafe. Consider using strncpy_s instead. To disable deprecation, use _CRT_SECURE_NO_WARNINGS. See online help for details.
  c:\program files (x86)\windows kits\10\include\10.0.10240.0\ucrt\string.h(346): note: see declaration of 'strncpy'
c:\dev\git\notes_attic_tray\src\gui\dx11\main.cpp(1227): warning C4996: 'strcat': This function or variable may be unsafe. Consider using strcat_s instead. To disable deprecation, use _CRT_SECURE_NO_WARNINGS. See online help for details.
  c:\program files (x86)\windows kits\10\include\10.0.10240.0\ucrt\string.h(90): note: see declaration of 'strcat'
c:\dev\git\notes_attic_tray\src\gui\dx11\main.cpp(1230): warning C4996: 'strncpy': This function or variable may be unsafe. Consider using strncpy_s instead. To disable deprecation, use _CRT_SECURE_NO_WARNINGS. See online help for details.
  c:\program files (x86)\windows kits\10\include\10.0.10240.0\ucrt\string.h(346): note: see declaration of 'strncpy'
c:\dev\git\notes_attic_tray\src\gui\dx11\main.cpp(1255): warning C4996: 'strncpy': This function or variable may be unsafe. Consider using strncpy_s instead. To disable deprecation, use _CRT_SECURE_NO_WARNINGS. See online help for details.
  c:\program files (x86)\windows kits\10\include\10.0.10240.0\ucrt\string.h(346): note: see declaration of 'strncpy'
c:\dev\git\notes_attic_tray\src\gui\dx11\main.cpp(1256): warning C4996: 'strcat': This function or variable may be unsafe. Consider using strcat_s instead. To disable deprecation, use _CRT_SECURE_NO_WARNINGS. See online help for details.
  c:\program files (x86)\windows kits\10\include\10.0.10240.0\ucrt\string.h(90): note: see declaration of 'strcat'
c:\dev\git\notes_attic_tray\src\gui\dx11\main.cpp(1257): warning C4996: 'strcat': This function or variable may be unsafe. Consider using strcat_s instead. To disable deprecation, use _CRT_SECURE_NO_WARNINGS. See online help for details.
  c:\program files (x86)\windows kits\10\include\10.0.10240.0\ucrt\string.h(90): note: see declaration of 'strcat'
c:\dev\git\notes_attic_tray\src\gui\dx11\main.cpp(1279): warning C4800: 'int': forcing value to bool 'true' or 'false' (performance warning)
c:\dev\git\notes_attic_tray\src\gui\dx11\main.cpp(1287): warning C4996: 'strncpy': This function or variable may be unsafe. Consider using strncpy_s instead. To disable deprecation, use _CRT_SECURE_NO_WARNINGS. See online help for details.
  c:\program files (x86)\windows kits\10\include\10.0.10240.0\ucrt\string.h(346): note: see declaration of 'strncpy'
c:\dev\git\notes_attic_tray\src\gui\dx11\main.cpp(1288): warning C4996: 'strncat': This function or variable may be unsafe. Consider using strncat_s instead. To disable deprecation, use _CRT_SECURE_NO_WARNINGS. See online help for details.
  c:\program files (x86)\windows kits\10\include\10.0.10240.0\ucrt\string.h(255): note: see declaration of 'strncat'
c:\dev\git\notes_attic_tray\src\gui\dx11\main.cpp(1299): warning C4267: 'initializing': conversion from 'size_t' to 'int', possible loss of data
c:\dev\git\notes_attic_tray\src\gui\dx11\main.cpp(1310): warning C4996: 'strncpy': This function or variable may be unsafe. Consider using strncpy_s instead. To disable deprecation, use _CRT_SECURE_NO_WARNINGS. See online help for details.
  c:\program files (x86)\windows kits\10\include\10.0.10240.0\ucrt\string.h(346): note: see declaration of 'strncpy'
c:\dev\git\notes_attic_tray\src\gui\dx11\main.cpp(1372): warning C4996: 'sprintf': This function or variable may be unsafe. Consider using sprintf_s instead. To disable deprecation, use _CRT_SECURE_NO_WARNINGS. See online help for details.
  c:\program files (x86)\windows kits\10\include\10.0.10240.0\ucrt\stdio.h(1769): note: see declaration of 'sprintf'
c:\dev\git\notes_attic_tray\src\gui\dx11\main.cpp(1377): warning C4996: 'strncpy': This function or variable may be unsafe. Consider using strncpy_s instead. To disable deprecation, use _CRT_SECURE_NO_WARNINGS. See online help for details.
  c:\program files (x86)\windows kits\10\include\10.0.10240.0\ucrt\string.h(346): note: see declaration of 'strncpy'
c:\dev\git\notes_attic_tray\src\gui\dx11\main.cpp(1378): warning C4996: 'strncat': This function or variable may be unsafe. Consider using strncat_s instead. To disable deprecation, use _CRT_SECURE_NO_WARNINGS. See online help for details.
  c:\program files (x86)\windows kits\10\include\10.0.10240.0\ucrt\string.h(255): note: see declaration of 'strncat'
c:\dev\git\notes_attic_tray\src\gui\dx11\main.cpp(1379): warning C4996: 'strncat': This function or variable may be unsafe. Consider using strncat_s instead. To disable deprecation, use _CRT_SECURE_NO_WARNINGS. See online help for details.
  c:\program files (x86)\windows kits\10\include\10.0.10240.0\ucrt\string.h(255): note: see declaration of 'strncat'
c:\dev\git\notes_attic_tray\src\gui\dx11\main.cpp(1381): warning C4996: 'strncat': This function or variable may be unsafe. Consider using strncat_s instead. To disable deprecation, use _CRT_SECURE_NO_WARNINGS. See online help for details.
  c:\program files (x86)\windows kits\10\include\10.0.10240.0\ucrt\string.h(255): note: see declaration of 'strncat'
c:\dev\git\notes_attic_tray\src\gui\dx11\main.cpp(1382): warning C4996: 'strncat': This function or variable may be unsafe. Consider using strncat_s instead. To disable deprecation, use _CRT_SECURE_NO_WARNINGS. See online help for details.
  c:\program files (x86)\windows kits\10\include\10.0.10240.0\ucrt\string.h(255): note: see declaration of 'strncat'
c:\dev\git\notes_attic_tray\src\gui\dx11\main.cpp(1521): warning C4267: 'initializing': conversion from 'size_t' to 'int', possible loss of data
c:\dev\git\notes_attic_tray\src\gui\dx11\main.cpp(1561): warning C4267: 'initializing': conversion from 'size_t' to 'int', possible loss of data
c:\dev\git\notes_attic_tray\src\gui\dx11\main.cpp(1593): warning C4267: 'initializing': conversion from 'size_t' to 'int', possible loss of data
c:\dev\git\notes_attic_tray\src\gui\dx11\main.cpp(1604): warning C4267: 'initializing': conversion from 'size_t' to 'int', possible loss of data
c:\dev\git\notes_attic_tray\src\gui\dx11\main.cpp(1408): warning C4996: 'strncpy': This function or variable may be unsafe. Consider using strncpy_s instead. To disable deprecation, use _CRT_SECURE_NO_WARNINGS. See online help for details.
  c:\program files (x86)\windows kits\10\include\10.0.10240.0\ucrt\string.h(346): note: see declaration of 'strncpy'
c:\dev\git\notes_attic_tray\src\gui\dx11\main.cpp(1409): warning C4996: 'strcat': This function or variable may be unsafe. Consider using strcat_s instead. To disable deprecation, use _CRT_SECURE_NO_WARNINGS. See online help for details.
  c:\program files (x86)\windows kits\10\include\10.0.10240.0\ucrt\string.h(90): note: see declaration of 'strcat'
c:\dev\git\notes_attic_tray\src\gui\dx11\main.cpp(1410): warning C4996: 'strcat': This function or variable may be unsafe. Consider using strcat_s instead. To disable deprecation, use _CRT_SECURE_NO_WARNINGS. See online help for details.
  c:\program files (x86)\windows kits\10\include\10.0.10240.0\ucrt\string.h(90): note: see declaration of 'strcat'
c:\dev\git\notes_attic_tray\src\gui\dx11\main.cpp(1414): warning C4477: 'fprintf' : format string '%d' requires an argument of type 'int', but variadic argument 1 has type 'std::size_t'
  c:\dev\git\notes_attic_tray\src\gui\dx11\main.cpp(1414): note: consider using '%zd' in the format string
c:\dev\git\notes_attic_tray\src\gui\dx11\main.cpp(1417): warning C4996: 'fopen': This function or variable may be unsafe. Consider using fopen_s instead. To disable deprecation, use _CRT_SECURE_NO_WARNINGS. See online help for details.
  c:\program files (x86)\windows kits\10\include\10.0.10240.0\ucrt\stdio.h(205): note: see declaration of 'fopen'
c:\dev\git\notes_attic_tray\src\gui\dx11\main.cpp(1515): warning C4996: 'strncpy': This function or variable may be unsafe. Consider using strncpy_s instead. To disable deprecation, use _CRT_SECURE_NO_WARNINGS. See online help for details.
  c:\program files (x86)\windows kits\10\include\10.0.10240.0\ucrt\string.h(346): note: see declaration of 'strncpy'
c:\dev\git\notes_attic_tray\src\gui\dx11\main.cpp(1526): warning C4996: 'strncpy': This function or variable may be unsafe. Consider using strncpy_s instead. To disable deprecation, use _CRT_SECURE_NO_WARNINGS. See online help for details.
  c:\program files (x86)\windows kits\10\include\10.0.10240.0\ucrt\string.h(346): note: see declaration of 'strncpy'
c:\dev\git\notes_attic_tray\src\gui\dx11\main.cpp(1531): warning C4996: 'strncpy': This function or variable may be unsafe. Consider using strncpy_s instead. To disable deprecation, use _CRT_SECURE_NO_WARNINGS. See online help for details.
  c:\program files (x86)\windows kits\10\include\10.0.10240.0\ucrt\string.h(346): note: see declaration of 'strncpy'
c:\dev\git\notes_attic_tray\src\gui\dx11\main.cpp(1536): warning C4996: 'strncpy': This function or variable may be unsafe. Consider using strncpy_s instead. To disable deprecation, use _CRT_SECURE_NO_WARNINGS. See online help for details.
  c:\program files (x86)\windows kits\10\include\10.0.10240.0\ucrt\string.h(346): note: see declaration of 'strncpy'
c:\dev\git\notes_attic_tray\src\gui\dx11\main.cpp(1541): warning C4996: 'strncpy': This function or variable may be unsafe. Consider using strncpy_s instead. To disable deprecation, use _CRT_SECURE_NO_WARNINGS. See online help for details.
  c:\program files (x86)\windows kits\10\include\10.0.10240.0\ucrt\string.h(346): note: see declaration of 'strncpy'
c:\dev\git\notes_attic_tray\src\gui\dx11\main.cpp(1546): warning C4996: 'strncpy': This function or variable may be unsafe. Consider using strncpy_s instead. To disable deprecation, use _CRT_SECURE_NO_WARNINGS. See online help for details.
  c:\program files (x86)\windows kits\10\include\10.0.10240.0\ucrt\string.h(346): note: see declaration of 'strncpy'
c:\dev\git\notes_attic_tray\src\gui\dx11\main.cpp(1551): warning C4996: 'strncpy': This function or variable may be unsafe. Consider using strncpy_s instead. To disable deprecation, use _CRT_SECURE_NO_WARNINGS. See online help for details.
  c:\program files (x86)\windows kits\10\include\10.0.10240.0\ucrt\string.h(346): note: see declaration of 'strncpy'
c:\dev\git\notes_attic_tray\src\gui\dx11\main.cpp(1563): warning C4996: 'strncpy': This function or variable may be unsafe. Consider using strncpy_s instead. To disable deprecation, use _CRT_SECURE_NO_WARNINGS. See online help for details.
  c:\program files (x86)\windows kits\10\include\10.0.10240.0\ucrt\string.h(346): note: see declaration of 'strncpy'
c:\dev\git\notes_attic_tray\src\gui\dx11\main.cpp(1615): warning C4477: 'fprintf' : format string '%d' requires an argument of type 'int', but variadic argument 1 has type 'std::size_t'
  c:\dev\git\notes_attic_tray\src\gui\dx11\main.cpp(1615): note: consider using '%zd' in the format string
c:\dev\git\notes_attic_tray\src\gui\dx11\main.cpp(1616): warning C4477: 'fprintf' : format string '%d' requires an argument of type 'int', but variadic argument 1 has type 'std::size_t'
  c:\dev\git\notes_attic_tray\src\gui\dx11\main.cpp(1616): note: consider using '%zd' in the format string
c:\dev\git\notes_attic_tray\src\gui\dx11\main.cpp(1617): warning C4477: 'fprintf' : format string '%d' requires an argument of type 'int', but variadic argument 1 has type 'std::size_t'
  c:\dev\git\notes_attic_tray\src\gui\dx11\main.cpp(1617): note: consider using '%zd' in the format string
c:\dev\git\notes_attic_tray\src\gui\dx11\main.cpp(1618): warning C4477: 'fprintf' : format string '%d' requires an argument of type 'int', but variadic argument 1 has type 'std::size_t'
  c:\dev\git\notes_attic_tray\src\gui\dx11\main.cpp(1618): note: consider using '%zd' in the format string
c:\dev\git\notes_attic_tray\src\gui\dx11\main.cpp(1619): warning C4477: 'fprintf' : format string '%d' requires an argument of type 'int', but variadic argument 1 has type 'std::size_t'
  c:\dev\git\notes_attic_tray\src\gui\dx11\main.cpp(1619): note: consider using '%zd' in the format string
c:\dev\git\notes_attic_tray\src\gui\dx11\main.cpp(1620): warning C4477: 'fprintf' : format string '%d' requires an argument of type 'int', but variadic argument 1 has type 'std::size_t'
  c:\dev\git\notes_attic_tray\src\gui\dx11\main.cpp(1620): note: consider using '%zd' in the format string
c:\dev\git\notes_attic_tray\src\gui\dx11\main.cpp(1621): warning C4477: 'fprintf' : format string '%d' requires an argument of type 'int', but variadic argument 1 has type 'std::size_t'
  c:\dev\git\notes_attic_tray\src\gui\dx11\main.cpp(1621): note: consider using '%zd' in the format string
c:\dev\git\notes_attic_tray\src\gui\dx11\main.cpp(1622): warning C4477: 'fprintf' : format string '%d' requires an argument of type 'int', but variadic argument 1 has type 'std::size_t'
  c:\dev\git\notes_attic_tray\src\gui\dx11\main.cpp(1622): note: consider using '%zd' in the format string
c:\dev\git\notes_attic_tray\src\gui\dx11\main.cpp(1623): warning C4477: 'fprintf' : format string '%d' requires an argument of type 'int', but variadic argument 1 has type 'std::size_t'
  c:\dev\git\notes_attic_tray\src\gui\dx11\main.cpp(1623): note: consider using '%zd' in the format string
c:\dev\git\notes_attic_tray\src\gui\dx11\main.cpp(1628): warning C4477: 'fprintf' : format string '%d' requires an argument of type 'int', but variadic argument 1 has type 'std::size_t'
  c:\dev\git\notes_attic_tray\src\gui\dx11\main.cpp(1628): note: consider using '%zd' in the format string
c:\dev\git\notes_attic_tray\src\gui\dx11\main.cpp(1629): warning C4477: 'fprintf' : format string '%d' requires an argument of type 'int', but variadic argument 1 has type 'std::size_t'
  c:\dev\git\notes_attic_tray\src\gui\dx11\main.cpp(1629): note: consider using '%zd' in the format string
c:\dev\git\notes_attic_tray\src\gui\dx11\main.cpp(1632): warning C4477: 'fprintf' : format string '%d' requires an argument of type 'int', but variadic argument 1 has type 'std::size_t'
  c:\dev\git\notes_attic_tray\src\gui\dx11\main.cpp(1632): note: consider using '%zd' in the format string
c:\dev\git\notes_attic_tray\src\gui\dx11\main.cpp(1669): warning C4996: 'fopen': This function or variable may be unsafe. Consider using fopen_s instead. To disable deprecation, use _CRT_SECURE_NO_WARNINGS. See online help for details.
  c:\program files (x86)\windows kits\10\include\10.0.10240.0\ucrt\stdio.h(205): note: see declaration of 'fopen'
c:\dev\git\notes_attic_tray\src\gui\dx11\main.cpp(1667): warning C4100: 'directory_path': unreferenced formal parameter
c:\dev\git\notes_attic_tray\src\gui\dx11\main.cpp(1710): warning C4996: 'fopen': This function or variable may be unsafe. Consider using fopen_s instead. To disable deprecation, use _CRT_SECURE_NO_WARNINGS. See online help for details.
  c:\program files (x86)\windows kits\10\include\10.0.10240.0\ucrt\stdio.h(205): note: see declaration of 'fopen'
c:\dev\git\notes_attic_tray\src\gui\dx11\main.cpp(1719): warning C4477: 'fprintf' : format string '%d' requires an argument of type 'int', but variadic argument 1 has type 'std::size_t'
  c:\dev\git\notes_attic_tray\src\gui\dx11\main.cpp(1719): note: consider using '%zd' in the format string
c:\dev\git\notes_attic_tray\src\gui\dx11\main.cpp(1720): warning C4477: 'fprintf' : format string '%d' requires an argument of type 'int', but variadic argument 1 has type 'std::size_t'
  c:\dev\git\notes_attic_tray\src\gui\dx11\main.cpp(1720): note: consider using '%zd' in the format string
c:\dev\git\notes_attic_tray\src\gui\dx11\main.cpp(1721): warning C4477: 'fprintf' : format string '%d' requires an argument of type 'int', but variadic argument 1 has type 'std::size_t'
  c:\dev\git\notes_attic_tray\src\gui\dx11\main.cpp(1721): note: consider using '%zd' in the format string
c:\dev\git\notes_attic_tray\src\gui\dx11\main.cpp(1722): warning C4477: 'fprintf' : format string '%d' requires an argument of type 'int', but variadic argument 1 has type 'std::size_t'
  c:\dev\git\notes_attic_tray\src\gui\dx11\main.cpp(1722): note: consider using '%zd' in the format string
c:\dev\git\notes_attic_tray\src\gui\dx11\main.cpp(1723): warning C4477: 'fprintf' : format string '%d' requires an argument of type 'int', but variadic argument 1 has type 'std::size_t'
  c:\dev\git\notes_attic_tray\src\gui\dx11\main.cpp(1723): note: consider using '%zd' in the format string
c:\dev\git\notes_attic_tray\src\gui\dx11\main.cpp(1724): warning C4477: 'fprintf' : format string '%d' requires an argument of type 'int', but variadic argument 1 has type 'std::size_t'
  c:\dev\git\notes_attic_tray\src\gui\dx11\main.cpp(1724): note: consider using '%zd' in the format string
c:\dev\git\notes_attic_tray\src\gui\dx11\main.cpp(1725): warning C4477: 'fprintf' : format string '%d' requires an argument of type 'int', but variadic argument 1 has type 'std::size_t'
  c:\dev\git\notes_attic_tray\src\gui\dx11\main.cpp(1725): note: consider using '%zd' in the format string
c:\dev\git\notes_attic_tray\src\gui\dx11\main.cpp(1726): warning C4477: 'fprintf' : format string '%d' requires an argument of type 'int', but variadic argument 1 has type 'std::size_t'
  c:\dev\git\notes_attic_tray\src\gui\dx11\main.cpp(1726): note: consider using '%zd' in the format string
c:\dev\git\notes_attic_tray\src\gui\dx11\main.cpp(1727): warning C4477: 'fprintf' : format string '%d' requires an argument of type 'int', but variadic argument 1 has type 'std::size_t'
  c:\dev\git\notes_attic_tray\src\gui\dx11\main.cpp(1727): note: consider using '%zd' in the format string
c:\dev\git\notes_attic_tray\src\gui\dx11\main.cpp(1728): warning C4477: 'fprintf' : format string '%d' requires an argument of type 'int', but variadic argument 1 has type 'std::size_t'
  c:\dev\git\notes_attic_tray\src\gui\dx11\main.cpp(1728): note: consider using '%zd' in the format string
c:\dev\git\notes_attic_tray\src\gui\dx11\main.cpp(1733): warning C4477: 'fprintf' : format string '%d' requires an argument of type 'int', but variadic argument 1 has type 'std::size_t'
  c:\dev\git\notes_attic_tray\src\gui\dx11\main.cpp(1733): note: consider using '%zd' in the format string
c:\dev\git\notes_attic_tray\src\gui\dx11\main.cpp(1734): warning C4477: 'fprintf' : format string '%d' requires an argument of type 'int', but variadic argument 1 has type 'std::size_t'
  c:\dev\git\notes_attic_tray\src\gui\dx11\main.cpp(1734): note: consider using '%zd' in the format string
c:\dev\git\notes_attic_tray\src\gui\dx11\main.cpp(1736): warning C4477: 'fprintf' : format string '%d' requires an argument of type 'int', but variadic argument 1 has type 'std::size_t'
  c:\dev\git\notes_attic_tray\src\gui\dx11\main.cpp(1736): note: consider using '%zd' in the format string
c:\dev\git\notes_attic_tray\src\gui\dx11\main.cpp(1744): warning C4996: 'fopen': This function or variable may be unsafe. Consider using fopen_s instead. To disable deprecation, use _CRT_SECURE_NO_WARNINGS. See online help for details.
  c:\program files (x86)\windows kits\10\include\10.0.10240.0\ucrt\stdio.h(205): note: see declaration of 'fopen'
c:\dev\git\notes_attic_tray\src\gui\dx11\main.cpp(1749): warning C4996: 'fscanf': This function or variable may be unsafe. Consider using fscanf_s instead. To disable deprecation, use _CRT_SECURE_NO_WARNINGS. See online help for details.
  c:\program files (x86)\windows kits\10\include\10.0.10240.0\ucrt\stdio.h(1193): note: see declaration of 'fscanf'
c:\dev\git\notes_attic_tray\src\gui\dx11\main.cpp(1759): warning C4996: 'fscanf': This function or variable may be unsafe. Consider using fscanf_s instead. To disable deprecation, use _CRT_SECURE_NO_WARNINGS. See online help for details.
  c:\program files (x86)\windows kits\10\include\10.0.10240.0\ucrt\stdio.h(1193): note: see declaration of 'fscanf'
c:\dev\git\notes_attic_tray\src\gui\dx11\main.cpp(1766): warning C4996: 'fscanf': This function or variable may be unsafe. Consider using fscanf_s instead. To disable deprecation, use _CRT_SECURE_NO_WARNINGS. See online help for details.
  c:\program files (x86)\windows kits\10\include\10.0.10240.0\ucrt\stdio.h(1193): note: see declaration of 'fscanf'
c:\dev\git\notes_attic_tray\src\gui\dx11\main.cpp(1773): warning C4996: 'fscanf': This function or variable may be unsafe. Consider using fscanf_s instead. To disable deprecation, use _CRT_SECURE_NO_WARNINGS. See online help for details.
  c:\program files (x86)\windows kits\10\include\10.0.10240.0\ucrt\stdio.h(1193): note: see declaration of 'fscanf'
c:\dev\git\notes_attic_tray\src\gui\dx11\main.cpp(1780): warning C4996: 'fscanf': This function or variable may be unsafe. Consider using fscanf_s instead. To disable deprecation, use _CRT_SECURE_NO_WARNINGS. See online help for details.
  c:\program files (x86)\windows kits\10\include\10.0.10240.0\ucrt\stdio.h(1193): note: see declaration of 'fscanf'
c:\dev\git\notes_attic_tray\src\gui\dx11\main.cpp(1787): warning C4996: 'fscanf': This function or variable may be unsafe. Consider using fscanf_s instead. To disable deprecation, use _CRT_SECURE_NO_WARNINGS. See online help for details.
  c:\program files (x86)\windows kits\10\include\10.0.10240.0\ucrt\stdio.h(1193): note: see declaration of 'fscanf'
c:\dev\git\notes_attic_tray\src\gui\dx11\main.cpp(1794): warning C4996: 'fscanf': This function or variable may be unsafe. Consider using fscanf_s instead. To disable deprecation, use _CRT_SECURE_NO_WARNINGS. See online help for details.
  c:\program files (x86)\windows kits\10\include\10.0.10240.0\ucrt\stdio.h(1193): note: see declaration of 'fscanf'
c:\dev\git\notes_attic_tray\src\gui\dx11\main.cpp(1801): warning C4996: 'fscanf': This function or variable may be unsafe. Consider using fscanf_s instead. To disable deprecation, use _CRT_SECURE_NO_WARNINGS. See online help for details.
  c:\program files (x86)\windows kits\10\include\10.0.10240.0\ucrt\stdio.h(1193): note: see declaration of 'fscanf'
c:\dev\git\notes_attic_tray\src\gui\dx11\main.cpp(1808): warning C4996: 'fscanf': This function or variable may be unsafe. Consider using fscanf_s instead. To disable deprecation, use _CRT_SECURE_NO_WARNINGS. See online help for details.
  c:\program files (x86)\windows kits\10\include\10.0.10240.0\ucrt\stdio.h(1193): note: see declaration of 'fscanf'
c:\dev\git\notes_attic_tray\src\gui\dx11\main.cpp(1815): warning C4996: 'fscanf': This function or variable may be unsafe. Consider using fscanf_s instead. To disable deprecation, use _CRT_SECURE_NO_WARNINGS. See online help for details.
  c:\program files (x86)\windows kits\10\include\10.0.10240.0\ucrt\stdio.h(1193): note: see declaration of 'fscanf'
c:\dev\git\notes_attic_tray\src\gui\dx11\main.cpp(1822): warning C4996: 'fscanf': This function or variable may be unsafe. Consider using fscanf_s instead. To disable deprecation, use _CRT_SECURE_NO_WARNINGS. See online help for details.
  c:\program files (x86)\windows kits\10\include\10.0.10240.0\ucrt\stdio.h(1193): note: see declaration of 'fscanf'
c:\dev\git\notes_attic_tray\src\gui\dx11\main.cpp(1829): warning C4996: 'fscanf': This function or variable may be unsafe. Consider using fscanf_s instead. To disable deprecation, use _CRT_SECURE_NO_WARNINGS. See online help for details.
  c:\program files (x86)\windows kits\10\include\10.0.10240.0\ucrt\stdio.h(1193): note: see declaration of 'fscanf'
c:\dev\git\notes_attic_tray\src\gui\dx11\main.cpp(1838): warning C4996: 'fscanf': This function or variable may be unsafe. Consider using fscanf_s instead. To disable deprecation, use _CRT_SECURE_NO_WARNINGS. See online help for details.
  c:\program files (x86)\windows kits\10\include\10.0.10240.0\ucrt\stdio.h(1193): note: see declaration of 'fscanf'
c:\dev\git\notes_attic_tray\src\gui\dx11\main.cpp(1845): warning C4996: 'fscanf': This function or variable may be unsafe. Consider using fscanf_s instead. To disable deprecation, use _CRT_SECURE_NO_WARNINGS. See online help for details.
  c:\program files (x86)\windows kits\10\include\10.0.10240.0\ucrt\stdio.h(1193): note: see declaration of 'fscanf'
c:\dev\git\notes_attic_tray\src\gui\dx11\main.cpp(1853): warning C4996: 'fscanf': This function or variable may be unsafe. Consider using fscanf_s instead. To disable deprecation, use _CRT_SECURE_NO_WARNINGS. See online help for details.
  c:\program files (x86)\windows kits\10\include\10.0.10240.0\ucrt\stdio.h(1193): note: see declaration of 'fscanf'
c:\dev\git\notes_attic_tray\src\gui\dx11\main.cpp(1872): warning C4267: 'initializing': conversion from 'size_t' to 'int', possible loss of data
c:\dev\git\notes_attic_tray\src\gui\dx11\main.cpp(1883): warning C4267: 'initializing': conversion from 'size_t' to 'int', possible loss of data
c:\dev\git\notes_attic_tray\src\gui\dx11\main.cpp(1987): warning C4996: 'strncpy': This function or variable may be unsafe. Consider using strncpy_s instead. To disable deprecation, use _CRT_SECURE_NO_WARNINGS. See online help for details.
  c:\program files (x86)\windows kits\10\include\10.0.10240.0\ucrt\string.h(346): note: see declaration of 'strncpy'
c:\dev\git\notes_attic_tray\src\gui\dx11\main.cpp(1988): warning C4996: 'strncpy': This function or variable may be unsafe. Consider using strncpy_s instead. To disable deprecation, use _CRT_SECURE_NO_WARNINGS. See online help for details.
  c:\program files (x86)\windows kits\10\include\10.0.10240.0\ucrt\string.h(346): note: see declaration of 'strncpy'
c:\dev\git\notes_attic_tray\src\gui\dx11\main.cpp(1989): warning C4996: 'strncpy': This function or variable may be unsafe. Consider using strncpy_s instead. To disable deprecation, use _CRT_SECURE_NO_WARNINGS. See online help for details.
  c:\program files (x86)\windows kits\10\include\10.0.10240.0\ucrt\string.h(346): note: see declaration of 'strncpy'
c:\dev\git\notes_attic_tray\src\gui\dx11\main.cpp(1990): warning C4996: 'strncpy': This function or variable may be unsafe. Consider using strncpy_s instead. To disable deprecation, use _CRT_SECURE_NO_WARNINGS. See online help for details.
  c:\program files (x86)\windows kits\10\include\10.0.10240.0\ucrt\string.h(346): note: see declaration of 'strncpy'
c:\dev\git\notes_attic_tray\src\gui\dx11\main.cpp(1991): warning C4996: 'strncpy': This function or variable may be unsafe. Consider using strncpy_s instead. To disable deprecation, use _CRT_SECURE_NO_WARNINGS. See online help for details.
  c:\program files (x86)\windows kits\10\include\10.0.10240.0\ucrt\string.h(346): note: see declaration of 'strncpy'
c:\dev\git\notes_attic_tray\src\gui\dx11\main.cpp(1992): warning C4996: 'strncpy': This function or variable may be unsafe. Consider using strncpy_s instead. To disable deprecation, use _CRT_SECURE_NO_WARNINGS. See online help for details.
  c:\program files (x86)\windows kits\10\include\10.0.10240.0\ucrt\string.h(346): note: see declaration of 'strncpy'
c:\dev\git\notes_attic_tray\src\gui\dx11\main.cpp(1993): warning C4996: 'strncpy': This function or variable may be unsafe. Consider using strncpy_s instead. To disable deprecation, use _CRT_SECURE_NO_WARNINGS. See online help for details.
  c:\program files (x86)\windows kits\10\include\10.0.10240.0\ucrt\string.h(346): note: see declaration of 'strncpy'
c:\dev\git\notes_attic_tray\src\gui\dx11\main.cpp(1994): warning C4996: 'strncpy': This function or variable may be unsafe. Consider using strncpy_s instead. To disable deprecation, use _CRT_SECURE_NO_WARNINGS. See online help for details.
  c:\program files (x86)\windows kits\10\include\10.0.10240.0\ucrt\string.h(346): note: see declaration of 'strncpy'
c:\dev\git\notes_attic_tray\src\gui\dx11\main.cpp(1995): warning C4996: 'strncpy': This function or variable may be unsafe. Consider using strncpy_s instead. To disable deprecation, use _CRT_SECURE_NO_WARNINGS. See online help for details.
  c:\program files (x86)\windows kits\10\include\10.0.10240.0\ucrt\string.h(346): note: see declaration of 'strncpy'
c:\dev\git\notes_attic_tray\src\gui\dx11\main.cpp(1996): warning C4996: 'strncat': This function or variable may be unsafe. Consider using strncat_s instead. To disable deprecation, use _CRT_SECURE_NO_WARNINGS. See online help for details.
  c:\program files (x86)\windows kits\10\include\10.0.10240.0\ucrt\string.h(255): note: see declaration of 'strncat'
c:\dev\git\notes_attic_tray\src\gui\dx11\main.cpp(1997): warning C4996: 'strncat': This function or variable may be unsafe. Consider using strncat_s instead. To disable deprecation, use _CRT_SECURE_NO_WARNINGS. See online help for details.
  c:\program files (x86)\windows kits\10\include\10.0.10240.0\ucrt\string.h(255): note: see declaration of 'strncat'
c:\dev\git\notes_attic_tray\src\gui\dx11\main.cpp(1998): warning C4996: 'strncat': This function or variable may be unsafe. Consider using strncat_s instead. To disable deprecation, use _CRT_SECURE_NO_WARNINGS. See online help for details.
  c:\program files (x86)\windows kits\10\include\10.0.10240.0\ucrt\string.h(255): note: see declaration of 'strncat'
c:\dev\git\notes_attic_tray\src\gui\dx11\main.cpp(1999): warning C4996: 'strncat': This function or variable may be unsafe. Consider using strncat_s instead. To disable deprecation, use _CRT_SECURE_NO_WARNINGS. See online help for details.
  c:\program files (x86)\windows kits\10\include\10.0.10240.0\ucrt\string.h(255): note: see declaration of 'strncat'
c:\dev\git\notes_attic_tray\src\gui\dx11\main.cpp(2000): warning C4996: 'strncat': This function or variable may be unsafe. Consider using strncat_s instead. To disable deprecation, use _CRT_SECURE_NO_WARNINGS. See online help for details.
  c:\program files (x86)\windows kits\10\include\10.0.10240.0\ucrt\string.h(255): note: see declaration of 'strncat'
c:\dev\git\notes_attic_tray\src\gui\dx11\main.cpp(2001): warning C4996: 'strncat': This function or variable may be unsafe. Consider using strncat_s instead. To disable deprecation, use _CRT_SECURE_NO_WARNINGS. See online help for details.
  c:\program files (x86)\windows kits\10\include\10.0.10240.0\ucrt\string.h(255): note: see declaration of 'strncat'
c:\dev\git\notes_attic_tray\src\gui\dx11\main.cpp(2123): warning C4267: 'initializing': conversion from 'size_t' to 'int', possible loss of data
c:\dev\git\notes_attic_tray\src\gui\dx11\main.cpp(2410): warning C4267: 'initializing': conversion from 'size_t' to 'int', possible loss of data
c:\dev\git\notes_attic_tray\src\gui\dx11\main.cpp(2450): warning C4267: 'initializing': conversion from 'size_t' to 'int', possible loss of data
c:\dev\git\notes_attic_tray\src\gui\dx11\main.cpp(2321): warning C4996: 'fopen': This function or variable may be unsafe. Consider using fopen_s instead. To disable deprecation, use _CRT_SECURE_NO_WARNINGS. See online help for details.
  c:\program files (x86)\windows kits\10\include\10.0.10240.0\ucrt\stdio.h(205): note: see declaration of 'fopen'
c:\dev\git\notes_attic_tray\src\gui\dx11\main.cpp(2404): warning C4996: 'strncpy': This function or variable may be unsafe. Consider using strncpy_s instead. To disable deprecation, use _CRT_SECURE_NO_WARNINGS. See online help for details.
  c:\program files (x86)\windows kits\10\include\10.0.10240.0\ucrt\string.h(346): note: see declaration of 'strncpy'
c:\dev\git\notes_attic_tray\src\gui\dx11\main.cpp(2415): warning C4996: 'strncpy': This function or variable may be unsafe. Consider using strncpy_s instead. To disable deprecation, use _CRT_SECURE_NO_WARNINGS. See online help for details.
  c:\program files (x86)\windows kits\10\include\10.0.10240.0\ucrt\string.h(346): note: see declaration of 'strncpy'
c:\dev\git\notes_attic_tray\src\gui\dx11\main.cpp(2420): warning C4996: 'strncpy': This function or variable may be unsafe. Consider using strncpy_s instead. To disable deprecation, use _CRT_SECURE_NO_WARNINGS. See online help for details.
  c:\program files (x86)\windows kits\10\include\10.0.10240.0\ucrt\string.h(346): note: see declaration of 'strncpy'
c:\dev\git\notes_attic_tray\src\gui\dx11\main.cpp(2425): warning C4996: 'strncpy': This function or variable may be unsafe. Consider using strncpy_s instead. To disable deprecation, use _CRT_SECURE_NO_WARNINGS. See online help for details.
  c:\program files (x86)\windows kits\10\include\10.0.10240.0\ucrt\string.h(346): note: see declaration of 'strncpy'
c:\dev\git\notes_attic_tray\src\gui\dx11\main.cpp(2430): warning C4996: 'strncpy': This function or variable may be unsafe. Consider using strncpy_s instead. To disable deprecation, use _CRT_SECURE_NO_WARNINGS. See online help for details.
  c:\program files (x86)\windows kits\10\include\10.0.10240.0\ucrt\string.h(346): note: see declaration of 'strncpy'
c:\dev\git\notes_attic_tray\src\gui\dx11\main.cpp(2435): warning C4996: 'strncpy': This function or variable may be unsafe. Consider using strncpy_s instead. To disable deprecation, use _CRT_SECURE_NO_WARNINGS. See online help for details.
  c:\program files (x86)\windows kits\10\include\10.0.10240.0\ucrt\string.h(346): note: see declaration of 'strncpy'
c:\dev\git\notes_attic_tray\src\gui\dx11\main.cpp(2440): warning C4996: 'strncpy': This function or variable may be unsafe. Consider using strncpy_s instead. To disable deprecation, use _CRT_SECURE_NO_WARNINGS. See online help for details.
  c:\program files (x86)\windows kits\10\include\10.0.10240.0\ucrt\string.h(346): note: see declaration of 'strncpy'
c:\dev\git\notes_attic_tray\src\gui\dx11\main.cpp(2452): warning C4996: 'strncpy': This function or variable may be unsafe. Consider using strncpy_s instead. To disable deprecation, use _CRT_SECURE_NO_WARNINGS. See online help for details.
  c:\program files (x86)\windows kits\10\include\10.0.10240.0\ucrt\string.h(346): note: see declaration of 'strncpy'
c:\dev\git\notes_attic_tray\src\gui\dx11\main.cpp(2480): warning C4996: 'fopen': This function or variable may be unsafe. Consider using fopen_s instead. To disable deprecation, use _CRT_SECURE_NO_WARNINGS. See online help for details.
  c:\program files (x86)\windows kits\10\include\10.0.10240.0\ucrt\stdio.h(205): note: see declaration of 'fopen'
c:\dev\git\notes_attic_tray\src\gui\dx11\main.cpp(2486): warning C4996: 'strncpy': This function or variable may be unsafe. Consider using strncpy_s instead. To disable deprecation, use _CRT_SECURE_NO_WARNINGS. See online help for details.
  c:\program files (x86)\windows kits\10\include\10.0.10240.0\ucrt\string.h(346): note: see declaration of 'strncpy'
c:\dev\git\notes_attic_tray\src\gui\dx11\main.cpp(2507): warning C4244: '=': conversion from 'int' to 'char', possible loss of data
c:\dev\git\notes_attic_tray\src\gui\dx11\main.cpp(2496): warning C4996: 'fopen': This function or variable may be unsafe. Consider using fopen_s instead. To disable deprecation, use _CRT_SECURE_NO_WARNINGS. See online help for details.
  c:\program files (x86)\windows kits\10\include\10.0.10240.0\ucrt\stdio.h(205): note: see declaration of 'fopen'
c:\dev\git\notes_attic_tray\src\gui\dx11\main.cpp(2515): warning C4996: 'strncpy': This function or variable may be unsafe. Consider using strncpy_s instead. To disable deprecation, use _CRT_SECURE_NO_WARNINGS. See online help for details.
  c:\program files (x86)\windows kits\10\include\10.0.10240.0\ucrt\string.h(346): note: see declaration of 'strncpy'
c:\dev\git\notes_attic_tray\src\gui\dx11\main.cpp(2522): warning C4996: 'fopen': This function or variable may be unsafe. Consider using fopen_s instead. To disable deprecation, use _CRT_SECURE_NO_WARNINGS. See online help for details.
  c:\program files (x86)\windows kits\10\include\10.0.10240.0\ucrt\stdio.h(205): note: see declaration of 'fopen'
c:\dev\git\notes_attic_tray\src\gui\dx11\main.cpp(2574): warning C4244: 'initializing': conversion from 'int' to 'char', possible loss of data
c:\dev\git\notes_attic_tray\src\gui\dx11\main.cpp(2586): warning C4244: '=': conversion from 'int' to 'char', possible loss of data
c:\dev\git\notes_attic_tray\src\gui\dx11\main.cpp(2607): warning C4244: '=': conversion from 'int' to 'char', possible loss of data
c:\dev\git\notes_attic_tray\src\gui\dx11\main.cpp(2627): warning C4800: 'int': forcing value to bool 'true' or 'false' (performance warning)
c:\dev\git\notes_attic_tray\src\gui\dx11\main.cpp(2628): warning C4800: 'int': forcing value to bool 'true' or 'false' (performance warning)
c:\dev\git\notes_attic_tray\src\gui\dx11\main.cpp(2629): warning C4800: 'int': forcing value to bool 'true' or 'false' (performance warning)
c:\dev\git\notes_attic_tray\src\gui\dx11\main.cpp(2630): warning C4800: 'int': forcing value to bool 'true' or 'false' (performance warning)
c:\dev\git\notes_attic_tray\src\gui\dx11\main.cpp(2631): warning C4800: 'int': forcing value to bool 'true' or 'false' (performance warning)
c:\dev\git\notes_attic_tray\src\gui\dx11\main.cpp(2632): warning C4800: 'int': forcing value to bool 'true' or 'false' (performance warning)
c:\dev\git\notes_attic_tray\src\gui\dx11\main.cpp(2633): warning C4800: 'int': forcing value to bool 'true' or 'false' (performance warning)
c:\dev\git\notes_attic_tray\src\gui\dx11\main.cpp(2634): warning C4800: 'int': forcing value to bool 'true' or 'false' (performance warning)
c:\dev\git\notes_attic_tray\src\gui\dx11\main.cpp(2646): warning C4800: 'int': forcing value to bool 'true' or 'false' (performance warning)
c:\dev\git\notes_attic_tray\src\gui\dx11\main.cpp(2560): warning C4996: 'fopen': This function or variable may be unsafe. Consider using fopen_s instead. To disable deprecation, use _CRT_SECURE_NO_WARNINGS. See online help for details.
  c:\program files (x86)\windows kits\10\include\10.0.10240.0\ucrt\stdio.h(205): note: see declaration of 'fopen'
c:\dev\git\notes_attic_tray\src\gui\dx11\main.cpp(2626): warning C4996: 'strncpy': This function or variable may be unsafe. Consider using strncpy_s instead. To disable deprecation, use _CRT_SECURE_NO_WARNINGS. See online help for details.
  c:\program files (x86)\windows kits\10\include\10.0.10240.0\ucrt\string.h(346): note: see declaration of 'strncpy'
c:\dev\git\notes_attic_tray\src\gui\dx11\main.cpp(2635): warning C4996: 'strncpy': This function or variable may be unsafe. Consider using strncpy_s instead. To disable deprecation, use _CRT_SECURE_NO_WARNINGS. See online help for details.
  c:\program files (x86)\windows kits\10\include\10.0.10240.0\ucrt\string.h(346): note: see declaration of 'strncpy'
c:\dev\git\notes_attic_tray\src\gui\dx11\main.cpp(2636): warning C4996: 'strncpy': This function or variable may be unsafe. Consider using strncpy_s instead. To disable deprecation, use _CRT_SECURE_NO_WARNINGS. See online help for details.
  c:\program files (x86)\windows kits\10\include\10.0.10240.0\ucrt\string.h(346): note: see declaration of 'strncpy'
c:\dev\git\notes_attic_tray\src\gui\dx11\main.cpp(2637): warning C4996: 'strncpy': This function or variable may be unsafe. Consider using strncpy_s instead. To disable deprecation, use _CRT_SECURE_NO_WARNINGS. See online help for details.
  c:\program files (x86)\windows kits\10\include\10.0.10240.0\ucrt\string.h(346): note: see declaration of 'strncpy'
c:\dev\git\notes_attic_tray\src\gui\dx11\main.cpp(2638): warning C4996: 'strncpy': This function or variable may be unsafe. Consider using strncpy_s instead. To disable deprecation, use _CRT_SECURE_NO_WARNINGS. See online help for details.
  c:\program files (x86)\windows kits\10\include\10.0.10240.0\ucrt\string.h(346): note: see declaration of 'strncpy'
c:\dev\git\notes_attic_tray\src\gui\dx11\main.cpp(2639): warning C4996: 'strncpy': This function or variable may be unsafe. Consider using strncpy_s instead. To disable deprecation, use _CRT_SECURE_NO_WARNINGS. See online help for details.
  c:\program files (x86)\windows kits\10\include\10.0.10240.0\ucrt\string.h(346): note: see declaration of 'strncpy'
c:\dev\git\notes_attic_tray\src\gui\dx11\main.cpp(2640): warning C4996: 'strncpy': This function or variable may be unsafe. Consider using strncpy_s instead. To disable deprecation, use _CRT_SECURE_NO_WARNINGS. See online help for details.
  c:\program files (x86)\windows kits\10\include\10.0.10240.0\ucrt\string.h(346): note: see declaration of 'strncpy'
c:\dev\git\notes_attic_tray\src\gui\dx11\main.cpp(2641): warning C4996: 'strncpy': This function or variable may be unsafe. Consider using strncpy_s instead. To disable deprecation, use _CRT_SECURE_NO_WARNINGS. See online help for details.
  c:\program files (x86)\windows kits\10\include\10.0.10240.0\ucrt\string.h(346): note: see declaration of 'strncpy'
c:\dev\git\notes_attic_tray\src\gui\dx11\main.cpp(2642): warning C4996: 'strncpy': This function or variable may be unsafe. Consider using strncpy_s instead. To disable deprecation, use _CRT_SECURE_NO_WARNINGS. See online help for details.
  c:\program files (x86)\windows kits\10\include\10.0.10240.0\ucrt\string.h(346): note: see declaration of 'strncpy'
c:\dev\git\notes_attic_tray\src\gui\dx11\main.cpp(2711): warning C4996: 'strncpy': This function or variable may be unsafe. Consider using strncpy_s instead. To disable deprecation, use _CRT_SECURE_NO_WARNINGS. See online help for details.
  c:\program files (x86)\windows kits\10\include\10.0.10240.0\ucrt\string.h(346): note: see declaration of 'strncpy'
c:\dev\git\notes_attic_tray\src\gui\dx11\main.cpp(2712): warning C4996: 'strcat': This function or variable may be unsafe. Consider using strcat_s instead. To disable deprecation, use _CRT_SECURE_NO_WARNINGS. See online help for details.
  c:\program files (x86)\windows kits\10\include\10.0.10240.0\ucrt\string.h(90): note: see declaration of 'strcat'
c:\dev\git\notes_attic_tray\src\gui\dx11\main.cpp(2713): warning C4996: 'strcat': This function or variable may be unsafe. Consider using strcat_s instead. To disable deprecation, use _CRT_SECURE_NO_WARNINGS. See online help for details.
  c:\program files (x86)\windows kits\10\include\10.0.10240.0\ucrt\string.h(90): note: see declaration of 'strcat'
c:\dev\git\notes_attic_tray\src\gui\dx11\main.cpp(2714): warning C4996: 'strcat': This function or variable may be unsafe. Consider using strcat_s instead. To disable deprecation, use _CRT_SECURE_NO_WARNINGS. See online help for details.
  c:\program files (x86)\windows kits\10\include\10.0.10240.0\ucrt\string.h(90): note: see declaration of 'strcat'
c:\dev\git\notes_attic_tray\src\gui\dx11\main.cpp(2715): warning C4996: 'strcat': This function or variable may be unsafe. Consider using strcat_s instead. To disable deprecation, use _CRT_SECURE_NO_WARNINGS. See online help for details.
  c:\program files (x86)\windows kits\10\include\10.0.10240.0\ucrt\string.h(90): note: see declaration of 'strcat'
c:\dev\git\notes_attic_tray\src\gui\dx11\main.cpp(2716): warning C4996: 'strcat': This function or variable may be unsafe. Consider using strcat_s instead. To disable deprecation, use _CRT_SECURE_NO_WARNINGS. See online help for details.
  c:\program files (x86)\windows kits\10\include\10.0.10240.0\ucrt\string.h(90): note: see declaration of 'strcat'
c:\dev\git\notes_attic_tray\src\gui\dx11\main.cpp(2717): warning C4996: 'strcat': This function or variable may be unsafe. Consider using strcat_s instead. To disable deprecation, use _CRT_SECURE_NO_WARNINGS. See online help for details.
  c:\program files (x86)\windows kits\10\include\10.0.10240.0\ucrt\string.h(90): note: see declaration of 'strcat'
c:\dev\git\notes_attic_tray\src\gui\dx11\main.cpp(2725): warning C4996: 'strncpy': This function or variable may be unsafe. Consider using strncpy_s instead. To disable deprecation, use _CRT_SECURE_NO_WARNINGS. See online help for details.
  c:\program files (x86)\windows kits\10\include\10.0.10240.0\ucrt\string.h(346): note: see declaration of 'strncpy'
c:\dev\git\notes_attic_tray\src\gui\dx11\main.cpp(2726): warning C4996: 'strcat': This function or variable may be unsafe. Consider using strcat_s instead. To disable deprecation, use _CRT_SECURE_NO_WARNINGS. See online help for details.
  c:\program files (x86)\windows kits\10\include\10.0.10240.0\ucrt\string.h(90): note: see declaration of 'strcat'
c:\dev\git\notes_attic_tray\src\gui\dx11\main.cpp(2727): warning C4996: 'strcat': This function or variable may be unsafe. Consider using strcat_s instead. To disable deprecation, use _CRT_SECURE_NO_WARNINGS. See online help for details.
  c:\program files (x86)\windows kits\10\include\10.0.10240.0\ucrt\string.h(90): note: see declaration of 'strcat'
c:\dev\git\notes_attic_tray\src\gui\dx11\main.cpp(2728): warning C4996: 'strcat': This function or variable may be unsafe. Consider using strcat_s instead. To disable deprecation, use _CRT_SECURE_NO_WARNINGS. See online help for details.
  c:\program files (x86)\windows kits\10\include\10.0.10240.0\ucrt\string.h(90): note: see declaration of 'strcat'
c:\dev\git\notes_attic_tray\src\gui\dx11\main.cpp(2729): warning C4996: 'strcat': This function or variable may be unsafe. Consider using strcat_s instead. To disable deprecation, use _CRT_SECURE_NO_WARNINGS. See online help for details.
  c:\program files (x86)\windows kits\10\include\10.0.10240.0\ucrt\string.h(90): note: see declaration of 'strcat'
c:\dev\git\notes_attic_tray\src\gui\dx11\main.cpp(2738): warning C4996: 'strncpy': This function or variable may be unsafe. Consider using strncpy_s instead. To disable deprecation, use _CRT_SECURE_NO_WARNINGS. See online help for details.
  c:\program files (x86)\windows kits\10\include\10.0.10240.0\ucrt\string.h(346): note: see declaration of 'strncpy'
c:\dev\git\notes_attic_tray\src\gui\dx11\main.cpp(2739): warning C4996: 'strcat': This function or variable may be unsafe. Consider using strcat_s instead. To disable deprecation, use _CRT_SECURE_NO_WARNINGS. See online help for details.
  c:\program files (x86)\windows kits\10\include\10.0.10240.0\ucrt\string.h(90): note: see declaration of 'strcat'
c:\dev\git\notes_attic_tray\src\gui\dx11\main.cpp(2740): warning C4996: 'strcat': This function or variable may be unsafe. Consider using strcat_s instead. To disable deprecation, use _CRT_SECURE_NO_WARNINGS. See online help for details.
  c:\program files (x86)\windows kits\10\include\10.0.10240.0\ucrt\string.h(90): note: see declaration of 'strcat'
c:\dev\git\notes_attic_tray\src\gui\dx11\main.cpp(2766): warning C4996: 'strncpy': This function or variable may be unsafe. Consider using strncpy_s instead. To disable deprecation, use _CRT_SECURE_NO_WARNINGS. See online help for details.
  c:\program files (x86)\windows kits\10\include\10.0.10240.0\ucrt\string.h(346): note: see declaration of 'strncpy'
c:\dev\git\notes_attic_tray\src\gui\dx11\main.cpp(2767): warning C4996: 'strcat': This function or variable may be unsafe. Consider using strcat_s instead. To disable deprecation, use _CRT_SECURE_NO_WARNINGS. See online help for details.
  c:\program files (x86)\windows kits\10\include\10.0.10240.0\ucrt\string.h(90): note: see declaration of 'strcat'
c:\dev\git\notes_attic_tray\src\gui\dx11\main.cpp(2768): warning C4996: 'strcat': This function or variable may be unsafe. Consider using strcat_s instead. To disable deprecation, use _CRT_SECURE_NO_WARNINGS. See online help for details.
  c:\program files (x86)\windows kits\10\include\10.0.10240.0\ucrt\string.h(90): note: see declaration of 'strcat'
c:\dev\git\notes_attic_tray\src\gui\dx11\main.cpp(2773): warning C4996: 'strncpy': This function or variable may be unsafe. Consider using strncpy_s instead. To disable deprecation, use _CRT_SECURE_NO_WARNINGS. See online help for details.
  c:\program files (x86)\windows kits\10\include\10.0.10240.0\ucrt\string.h(346): note: see declaration of 'strncpy'
c:\dev\git\notes_attic_tray\src\gui\dx11\main.cpp(2788): warning C4996: 'localtime': This function or variable may be unsafe. Consider using localtime_s instead. To disable deprecation, use _CRT_SECURE_NO_WARNINGS. See online help for details.
  c:\program files (x86)\windows kits\10\include\10.0.10240.0\ucrt\time.h(505): note: see declaration of 'localtime'
c:\dev\git\notes_attic_tray\src\gui\dx11\main.cpp(2794): warning C4459: declaration of 'download_datetime' hides global declaration
  c:\dev\git\notes_attic_tray\src\gui\dx11\main.cpp(110): note: see declaration of 'download_datetime'
c:\dev\git\notes_attic_tray\src\gui\dx11\main.cpp(2800): warning C4189: 'current_datetime': local variable is initialized but not referenced
c:\dev\git\notes_attic_tray\src\gui\dx11\main.cpp(2955): warning C4267: 'initializing': conversion from 'size_t' to 'int', possible loss of data
c:\dev\git\notes_attic_tray\src\gui\dx11\main.cpp(2949): warning C4996: 'strncpy': This function or variable may be unsafe. Consider using strncpy_s instead. To disable deprecation, use _CRT_SECURE_NO_WARNINGS. See online help for details.
  c:\program files (x86)\windows kits\10\include\10.0.10240.0\ucrt\string.h(346): note: see declaration of 'strncpy'
c:\dev\git\notes_attic_tray\src\gui\dx11\main.cpp(2975): warning C4267: 'initializing': conversion from 'size_t' to 'int', possible loss of data
c:\dev\git\notes_attic_tray\src\gui\dx11\main.cpp(2968): warning C4996: 'strncpy': This function or variable may be unsafe. Consider using strncpy_s instead. To disable deprecation, use _CRT_SECURE_NO_WARNINGS. See online help for details.
  c:\program files (x86)\windows kits\10\include\10.0.10240.0\ucrt\string.h(346): note: see declaration of 'strncpy'
c:\dev\git\notes_attic_tray\src\gui\dx11\main.cpp(2971): warning C4996: 'strncpy': This function or variable may be unsafe. Consider using strncpy_s instead. To disable deprecation, use _CRT_SECURE_NO_WARNINGS. See online help for details.
  c:\program files (x86)\windows kits\10\include\10.0.10240.0\ucrt\string.h(346): note: see declaration of 'strncpy'
c:\dev\git\notes_attic_tray\src\gui\dx11\main.cpp(3004): warning C4267: 'initializing': conversion from 'size_t' to 'int', possible loss of data
c:\dev\git\notes_attic_tray\src\gui\dx11\main.cpp(3000): warning C4996: 'strncpy': This function or variable may be unsafe. Consider using strncpy_s instead. To disable deprecation, use _CRT_SECURE_NO_WARNINGS. See online help for details.
  c:\program files (x86)\windows kits\10\include\10.0.10240.0\ucrt\string.h(346): note: see declaration of 'strncpy'
c:\dev\git\notes_attic_tray\src\gui\dx11\main.cpp(3100): warning C4996: 'strncpy': This function or variable may be unsafe. Consider using strncpy_s instead. To disable deprecation, use _CRT_SECURE_NO_WARNINGS. See online help for details.
  c:\program files (x86)\windows kits\10\include\10.0.10240.0\ucrt\string.h(346): note: see declaration of 'strncpy'
c:\dev\git\notes_attic_tray\src\gui\dx11\main.cpp(3101): warning C4996: 'strcat': This function or variable may be unsafe. Consider using strcat_s instead. To disable deprecation, use _CRT_SECURE_NO_WARNINGS. See online help for details.
  c:\program files (x86)\windows kits\10\include\10.0.10240.0\ucrt\string.h(90): note: see declaration of 'strcat'
c:\dev\git\notes_attic_tray\src\gui\dx11\main.cpp(3102): warning C4996: 'strcat': This function or variable may be unsafe. Consider using strcat_s instead. To disable deprecation, use _CRT_SECURE_NO_WARNINGS. See online help for details.
  c:\program files (x86)\windows kits\10\include\10.0.10240.0\ucrt\string.h(90): note: see declaration of 'strcat'
c:\dev\git\notes_attic_tray\src\gui\dx11\main.cpp(3103): warning C4996: 'strcat': This function or variable may be unsafe. Consider using strcat_s instead. To disable deprecation, use _CRT_SECURE_NO_WARNINGS. See online help for details.
  c:\program files (x86)\windows kits\10\include\10.0.10240.0\ucrt\string.h(90): note: see declaration of 'strcat'
c:\dev\git\notes_attic_tray\src\gui\dx11\main.cpp(3134): warning C4996: 'sprintf': This function or variable may be unsafe. Consider using sprintf_s instead. To disable deprecation, use _CRT_SECURE_NO_WARNINGS. See online help for details.
  c:\program files (x86)\windows kits\10\include\10.0.10240.0\ucrt\stdio.h(1769): note: see declaration of 'sprintf'
c:\dev\git\notes_attic_tray\src\gui\dx11\main.cpp(3135): warning C4996: 'sprintf': This function or variable may be unsafe. Consider using sprintf_s instead. To disable deprecation, use _CRT_SECURE_NO_WARNINGS. See online help for details.
  c:\program files (x86)\windows kits\10\include\10.0.10240.0\ucrt\stdio.h(1769): note: see declaration of 'sprintf'
c:\dev\git\notes_attic_tray\src\gui\dx11\main.cpp(3136): warning C4996: 'sprintf': This function or variable may be unsafe. Consider using sprintf_s instead. To disable deprecation, use _CRT_SECURE_NO_WARNINGS. See online help for details.
  c:\program files (x86)\windows kits\10\include\10.0.10240.0\ucrt\stdio.h(1769): note: see declaration of 'sprintf'
c:\dev\git\notes_attic_tray\src\gui\dx11\main.cpp(3137): warning C4996: 'sprintf': This function or variable may be unsafe. Consider using sprintf_s instead. To disable deprecation, use _CRT_SECURE_NO_WARNINGS. See online help for details.
  c:\program files (x86)\windows kits\10\include\10.0.10240.0\ucrt\stdio.h(1769): note: see declaration of 'sprintf'
c:\dev\git\notes_attic_tray\src\gui\dx11\main.cpp(3220): warning C4996: 'strcpy': This function or variable may be unsafe. Consider using strcpy_s instead. To disable deprecation, use _CRT_SECURE_NO_WARNINGS. See online help for details.
  c:\program files (x86)\windows kits\10\include\10.0.10240.0\ucrt\string.h(119): note: see declaration of 'strcpy'
c:\dev\git\notes_attic_tray\include\dirent.h(458): warning C4505: '_wreaddir': unreferenced local function has been removed
c:\dev\git\notes_attic_tray\include\dirent.h(864): warning C4505: 'rewinddir': unreferenced local function has been removed
c:\dev\git\notes_attic_tray\include\dirent.h(875): warning C4505: 'scandir': unreferenced local function has been removed
c:\dev\git\notes_attic_tray\include\dirent.h(1021): warning C4505: 'versionsort': unreferenced local function has been removed
c:\dev\git\notes_attic_tray\src\gui\dx11\main.cpp(1290): warning C4172: returning address of local variable or temporary: full_path
c:\dev\git\notes_attic_tray\src\gui\dx11\main.cpp(1312): warning C4172: returning address of local variable or temporary: just_dir
c:\dev\git\notes_attic_tray\src\gui\dx11\main.cpp(3013): warning C4172: returning address of local variable or temporary: password
c:\dev\git\notes_attic_tray\src\gui\dx11\main.cpp(2915): warning C4702: unreachable code
c:\dev\git\notes_attic_tray\src\gui\dx11\main.cpp(2927): warning C4702: unreachable code
c:\dev\git\notes_attic_tray\src\gui\dx11\main.cpp(2931): warning C4702: unreachable code
c:\dev\git\notes_attic_tray\src\gui\dx11\main.cpp(2962): warning C4172: returning address of local variable or temporary: key
c:\dev\git\notes_attic_tray\src\gui\dx11\main.cpp(2791): warning C4172: returning address of local variable or temporary: buf
c:\dev\git\notes_attic_tray\src\gui\dx11\main.cpp(2991): warning C4172: returning address of local variable or temporary: encrypted_pass
  notes_attic.vcxproj -> C:\dev\git\notes_attic_tray\src\gui\dx11\Debug\notes_attic.exe
  notes_attic.vcxproj -> C:\dev\git\notes_attic_tray\src\gui\dx11\Debug\notes_attic.pdb (Full PDB)
